<?xml version="1.0" encoding="UTF-8"?>
<!-- Generated by org.testng.reporters.JUnitXMLReporter -->
<testsuite ignored="0" hostname="nithesh-PC" failures="2" tests="5" name="Test" time="278.851" errors="0" timestamp="2021-11-26T09:36:32 IST">
  <testcase classname="io.cucumber.testng.AbstractTestNGCucumberTests" name="runScenario" time="126.131"/>
  <testcase classname="io.cucumber.testng.AbstractTestNGCucumberTests" name="runScenario" time="38.796"/>
  <testcase classname="io.cucumber.testng.AbstractTestNGCucumberTests" name="runScenario" time="5.173">
    <failure type="java.lang.AssertionError" message="expected [false] but found [true]">
      <![CDATA[java.lang.AssertionError: expected [false] but found [true]
at stepDefinition.MediaRelaseStepdef.ScrollDown(MediaRelaseStepdef.java:72)
at ✽.scroll down see image is broken(file:///D:/project/TesttingFrameworks/ArmyCucumber/src/test/resources/featureFile/MediaRelase.feature:17)
... Removed 6 stack frames]]>
    </failure>
  </testcase> <!-- runScenario -->
  <testcase classname="io.cucumber.testng.AbstractTestNGCucumberTests" name="runScenario" time="35.765">
    <failure type="java.lang.AssertionError" message="expected [false] but found [true]">
      <![CDATA[java.lang.AssertionError: expected [false] but found [true]
at stepDefinition.PaginationStepDef.closeModal(PaginationStepDef.java:66)
at ✽.close the modal(file:///D:/project/TesttingFrameworks/ArmyCucumber/src/test/resources/featureFile/Pagination.feature:14)
... Removed 6 stack frames]]>
    </failure>
  </testcase> <!-- runScenario -->
  <testcase classname="io.cucumber.testng.AbstractTestNGCucumberTests" name="runScenario" time="35.36"/>
</testsuite> <!-- Test -->
