<?xml version="1.0" encoding="UTF-8"?>
<!-- Generated by org.testng.reporters.JUnitReportReporter -->
<testsuite hostname="nithesh-PC" failures="2" tests="5" name="runnerFile.TestRunner" time="241.225" errors="0" timestamp="2021-11-26T09:36:33 IST" skipped="0">
  <testcase classname="runnerFile.TestRunner" name="runScenario" time="35.765">
    <failure message="expected [false] but found [true]" type="java.lang.AssertionError">
      <![CDATA[java.lang.AssertionError: expected [false] but found [true]
at org.testng.Assert.fail(Assert.java:99)
at org.testng.Assert.failNotEquals(Assert.java:1037)
at org.testng.Assert.assertEqualsImpl(Assert.java:140)
at org.testng.Assert.assertEquals(Assert.java:122)
at org.testng.Assert.assertEquals(Assert.java:819)
at org.testng.Assert.assertEquals(Assert.java:829)
at stepDefinition.PaginationStepDef.closeModal(PaginationStepDef.java:66)
at ✽.close the modal(file:///D:/project/TesttingFrameworks/ArmyCucumber/src/test/resources/featureFile/Pagination.feature:14)
]]>
    </failure>
  </testcase> <!-- runScenario -->
  <system-out/>
  <testcase classname="runnerFile.TestRunner" name="runScenario" time="126.131"/>
  <system-out/>
  <testcase classname="runnerFile.TestRunner" name="runScenario" time="35.360"/>
  <system-out/>
  <testcase classname="runnerFile.TestRunner" name="runScenario" time="38.796"/>
  <system-out/>
  <testcase classname="runnerFile.TestRunner" name="runScenario" time="5.173">
    <failure message="expected [false] but found [true]" type="java.lang.AssertionError">
      <![CDATA[java.lang.AssertionError: expected [false] but found [true]
at org.testng.Assert.fail(Assert.java:99)
at org.testng.Assert.failNotEquals(Assert.java:1037)
at org.testng.Assert.assertEqualsImpl(Assert.java:140)
at org.testng.Assert.assertEquals(Assert.java:122)
at org.testng.Assert.assertEquals(Assert.java:819)
at org.testng.Assert.assertEquals(Assert.java:829)
at stepDefinition.MediaRelaseStepdef.ScrollDown(MediaRelaseStepdef.java:72)
at ✽.scroll down see image is broken(file:///D:/project/TesttingFrameworks/ArmyCucumber/src/test/resources/featureFile/MediaRelase.feature:17)
]]>
    </failure>
  </testcase> <!-- runScenario -->
  <system-out/>
</testsuite> <!-- runnerFile.TestRunner -->
