<?xml version="1.0" encoding="UTF-8"?>
<testng-results ignored="0" total="5" passed="4" failed="1" skipped="0">
  <reporter-output>
  </reporter-output>
  <suite started-at="2022-10-06T09:14:38 IST" name="Default suite" finished-at="2022-10-06T09:16:43 IST" duration-ms="125623">
    <groups>
      <group name="cucumber">
        <method signature="AbstractTestNGCucumberTests.runScenario(io.cucumber.testng.PickleWrapper,io.cucumber.testng.FeatureWrapper)[pri:0, instance:runnerFile.TestRunner@6fd83fc1]" name="runScenario" class="io.cucumber.testng.AbstractTestNGCucumberTests"/>
      </group> <!-- cucumber -->
    </groups>
    <test started-at="2022-10-06T09:14:38 IST" name="Default test" finished-at="2022-10-06T09:16:43 IST" duration-ms="125623">
      <class name="runnerFile.TestRunner">
        <test-method is-config="true" signature="setUpClass()[pri:0, instance:runnerFile.TestRunner@6fd83fc1]" started-at="2022-10-06T09:14:38 IST" name="setUpClass" finished-at="2022-10-06T09:14:39 IST" duration-ms="1431" status="PASS">
          <reporter-output>
          </reporter-output>
        </test-method> <!-- setUpClass -->
        <test-method signature="runScenario(io.cucumber.testng.PickleWrapper,io.cucumber.testng.FeatureWrapper)[pri:0, instance:runnerFile.TestRunner@6fd83fc1]" started-at="2022-10-06T09:14:39 IST" name="runScenario" description="Runs Cucumber Scenarios" data-provider="scenarios" finished-at="2022-10-06T09:15:24 IST" duration-ms="45100" status="PASS">
          <params>
            <param index="0">
              <value>
                <![CDATA["verify links are working or not"]]>
              </value>
            </param>
            <param index="1">
              <value>
                <![CDATA["Optional[Check  Leader Module functionality]"]]>
              </value>
            </param>
          </params>
          <reporter-output>
          </reporter-output>
        </test-method> <!-- runScenario -->
        <test-method signature="runScenario(io.cucumber.testng.PickleWrapper,io.cucumber.testng.FeatureWrapper)[pri:0, instance:runnerFile.TestRunner@6fd83fc1]" started-at="2022-10-06T09:15:24 IST" name="runScenario" description="Runs Cucumber Scenarios" data-provider="scenarios" finished-at="2022-10-06T09:15:44 IST" duration-ms="19674" status="PASS">
          <params>
            <param index="0">
              <value>
                <![CDATA["Test the images in the page  is unBroken"]]>
              </value>
            </param>
            <param index="1">
              <value>
                <![CDATA["Optional[In mediaRelase  module check  media functionality]"]]>
              </value>
            </param>
          </params>
          <reporter-output>
          </reporter-output>
        </test-method> <!-- runScenario -->
        <test-method signature="runScenario(io.cucumber.testng.PickleWrapper,io.cucumber.testng.FeatureWrapper)[pri:0, instance:runnerFile.TestRunner@6fd83fc1]" started-at="2022-10-06T09:15:44 IST" name="runScenario" description="Runs Cucumber Scenarios" data-provider="scenarios" finished-at="2022-10-06T09:15:46 IST" duration-ms="1840" status="FAIL">
          <params>
            <param index="0">
              <value>
                <![CDATA["Test the image is broken or not"]]>
              </value>
            </param>
            <param index="1">
              <value>
                <![CDATA["Optional[In mediaRelase  module check  media functionality]"]]>
              </value>
            </param>
          </params>
          <exception class="java.lang.AssertionError">
            <message>
              <![CDATA[expected [false] but found [true]]]>
            </message>
            <full-stacktrace>
              <![CDATA[java.lang.AssertionError: expected [false] but found [true]
at org.testng.Assert.fail(Assert.java:99)
at org.testng.Assert.failNotEquals(Assert.java:1037)
at org.testng.Assert.assertEqualsImpl(Assert.java:140)
at org.testng.Assert.assertEquals(Assert.java:122)
at org.testng.Assert.assertEquals(Assert.java:819)
at org.testng.Assert.assertEquals(Assert.java:829)
at stepDefinition.MediaRelaseStepdef.ScrollDown(MediaRelaseStepdef.java:75)
at âœ½.scroll down see image is broken(file:///D:/IndianArmy/src/test/resources/featureFile/MediaRelase.feature:17)
]]>
            </full-stacktrace>
          </exception> <!-- java.lang.AssertionError -->
          <reporter-output>
          </reporter-output>
        </test-method> <!-- runScenario -->
        <test-method signature="runScenario(io.cucumber.testng.PickleWrapper,io.cucumber.testng.FeatureWrapper)[pri:0, instance:runnerFile.TestRunner@6fd83fc1]" started-at="2022-10-06T09:15:46 IST" name="runScenario" description="Runs Cucumber Scenarios" data-provider="scenarios" finished-at="2022-10-06T09:16:06 IST" duration-ms="20255" status="PASS">
          <params>
            <param index="0">
              <value>
                <![CDATA["Verify image modal is closed or not  inside a pagination module"]]>
              </value>
            </param>
            <param index="1">
              <value>
                <![CDATA["Optional[Check pagination functionality]"]]>
              </value>
            </param>
          </params>
          <reporter-output>
          </reporter-output>
        </test-method> <!-- runScenario -->
        <test-method signature="runScenario(io.cucumber.testng.PickleWrapper,io.cucumber.testng.FeatureWrapper)[pri:0, instance:runnerFile.TestRunner@6fd83fc1]" started-at="2022-10-06T09:16:06 IST" name="runScenario" description="Runs Cucumber Scenarios" data-provider="scenarios" finished-at="2022-10-06T09:16:34 IST" duration-ms="27815" status="PASS">
          <params>
            <param index="0">
              <value>
                <![CDATA["Test the Document is available or not"]]>
              </value>
            </param>
            <param index="1">
              <value>
                <![CDATA["Optional[Check PublicationModule function]"]]>
              </value>
            </param>
          </params>
          <reporter-output>
          </reporter-output>
        </test-method> <!-- runScenario -->
        <test-method is-config="true" signature="tearDownClass()[pri:0, instance:runnerFile.TestRunner@6fd83fc1]" started-at="2022-10-06T09:16:34 IST" name="tearDownClass" finished-at="2022-10-06T09:16:43 IST" duration-ms="9439" status="PASS">
          <reporter-output>
          </reporter-output>
        </test-method> <!-- tearDownClass -->
      </class> <!-- runnerFile.TestRunner -->
    </test> <!-- Default test -->
  </suite> <!-- Default suite -->
</testng-results>
