<?xml version="1.0" encoding="UTF-8"?>
<!-- Generated by org.testng.reporters.JUnitReportReporter -->
<testsuite hostname="DESKTOP-AKOVGBB" failures="1" tests="5" name="runnerFile.TestRunner" time="114.684" errors="0" timestamp="2022-10-06T09:16:43 IST" skipped="0">
  <testcase classname="runnerFile.TestRunner" name="runScenario" time="1.840">
    <failure message="expected [false] but found [true]" type="java.lang.AssertionError">
      <![CDATA[java.lang.AssertionError: expected [false] but found [true]
at org.testng.Assert.fail(Assert.java:99)
at org.testng.Assert.failNotEquals(Assert.java:1037)
at org.testng.Assert.assertEqualsImpl(Assert.java:140)
at org.testng.Assert.assertEquals(Assert.java:122)
at org.testng.Assert.assertEquals(Assert.java:819)
at org.testng.Assert.assertEquals(Assert.java:829)
at stepDefinition.MediaRelaseStepdef.ScrollDown(MediaRelaseStepdef.java:75)
at âœ½.scroll down see image is broken(file:///D:/IndianArmy/src/test/resources/featureFile/MediaRelase.feature:17)
]]>
    </failure>
  </testcase> <!-- runScenario -->
  <system-out/>
  <testcase classname="runnerFile.TestRunner" name="runScenario" time="19.674"/>
  <system-out/>
  <testcase classname="runnerFile.TestRunner" name="runScenario" time="27.815"/>
  <system-out/>
  <testcase classname="runnerFile.TestRunner" name="runScenario" time="45.100"/>
  <system-out/>
  <testcase classname="runnerFile.TestRunner" name="runScenario" time="20.255"/>
  <system-out/>
</testsuite> <!-- runnerFile.TestRunner -->
